2024-07-20 12:24:37,473{GMT}	INFO	[jepsen test runner] jepsen.core: Command line:
lein run test -w echo --bin /home/sahilsarwar/go/bin/maelstrom-echo --node-count 1 --time-limit 10
2024-07-20 12:24:37,601{GMT}	INFO	[jepsen test runner] jepsen.core: Running test:
{:args []
 :remote
 #jepsen.control.retry.Remote{:remote #jepsen.control.scp.Remote{:cmd-remote #jepsen.control.sshj.SSHJRemote{:concurrency-limit 6,
                                                                                                             :conn-spec nil,
                                                                                                             :client nil,
                                                                                                             :semaphore nil},
                                                                 :conn-spec nil},
                              :conn nil}
 :log-net-send false
 :node-count 1
 :availability nil
 :max-txn-length 4
 :concurrency 1
 :db
 #object[maelstrom.db$db$reify__16142
         "0x93a793a"
         "maelstrom.db$db$reify__16142@93a793a"]
 :max-writes-per-key 16
 :leave-db-running? false
 :name "echo"
 :logging-json? false
 :start-time
 #object[org.joda.time.DateTime "0x6abd88fe" "2024-07-20T12:24:37.440+05:30"]
 :nemesis-interval 10
 :net
 #object[maelstrom.net$jepsen_net$reify__15251
         "0x16337c8e"
         "maelstrom.net$jepsen_net$reify__15251@16337c8e"]
 :client
 #object[maelstrom.workload.echo$client$reify__16863
         "0x2603a76d"
         "maelstrom.workload.echo$client$reify__16863@2603a76d"]
 :barrier
 #object[java.util.concurrent.CyclicBarrier
         "0x3022287e"
         "java.util.concurrent.CyclicBarrier@3022287e"]
 :log-stderr false
 :pure-generators true
 :ssh {:dummy? true}
 :rate 5
 :checker
 #object[jepsen.checker$compose$reify__11881
         "0x36deacfc"
         "jepsen.checker$compose$reify__11881@36deacfc"]
 :argv
 ("test"
  "-w"
  "echo"
  "--bin"
  "/home/sahilsarwar/go/bin/maelstrom-echo"
  "--node-count"
  "1"
  "--time-limit"
  "10")
 :nemesis
 (jepsen.nemesis.ReflCompose
  {:fm {:start-partition 0,
        :stop-partition 0,
        :kill 1,
        :start 1,
        :pause 1,
        :resume 1},
   :nemeses [#unprintable "jepsen.nemesis.combined$partition_nemesis$reify__16416@3b0471a5"
             #unprintable "jepsen.nemesis.combined$db_nemesis$reify__16397@78167"]})
 :nodes ["n0"]
 :test-count 1
 :latency {:mean 0, :dist :constant}
 :bin "/home/sahilsarwar/go/bin/maelstrom-echo"
 :generator
 (jepsen.generator.TimeLimit
  {:limit 10000000000,
   :cutoff nil,
   :gen (jepsen.generator.Any
         {:gens [(jepsen.generator.OnThreads
                  {:f #{:nemesis},
                   :context-filter #object[jepsen.generator.context$make_thread_filter$lazy_filter__9167
                                           "0x4b48be5c"
                                           "jepsen.generator.context$make_thread_filter$lazy_filter__9167@4b48be5c"],
                   :gen nil})
                 (jepsen.generator.OnThreads
                  {:f #jepsen.generator.context.AllBut{:element :nemesis},
                   :context-filter #object[jepsen.generator.context$make_thread_filter$lazy_filter__9167
                                           "0x3fe8d57a"
                                           "jepsen.generator.context$make_thread_filter$lazy_filter__9167@3fe8d57a"],
                   :gen (jepsen.generator.Stagger
                         {:dt 400000000,
                          :next-time nil,
                          :gen (jepsen.generator.EachThread
                                {:fresh-gen #object[maelstrom.workload.echo$workload$fn__16882
                                                    "0x36573ec5"
                                                    "maelstrom.workload.echo$workload$fn__16882@36573ec5"],
                                 :context-filters #object[clojure.core$promise$reify__8591
                                                          "0x10c26161"
                                                          {:status :pending,
                                                           :val nil}],
                                 :gens {}})})})]})})
 :log-net-recv false
 :os
 #object[maelstrom.net$jepsen_os$reify__15254
         "0x1ef6977b"
         "maelstrom.net$jepsen_os$reify__15254@1ef6977b"]
 :time-limit 10
 :workload :echo
 :consistency-models [:strict-serializable]
 :topology :grid}

2024-07-20 12:24:41,308{GMT}	INFO	[jepsen node n0] maelstrom.net: Starting Maelstrom network
2024-07-20 12:24:41,310{GMT}	INFO	[jepsen test runner] jepsen.db: Tearing down DB
2024-07-20 12:24:41,313{GMT}	INFO	[jepsen test runner] jepsen.db: Setting up DB
2024-07-20 12:24:41,319{GMT}	INFO	[jepsen node n0] maelstrom.service: Starting services: (lin-kv lin-tso lww-kv seq-kv)
2024-07-20 12:24:41,322{GMT}	INFO	[jepsen node n0] maelstrom.db: Setting up n0
2024-07-20 12:24:41,324{GMT}	INFO	[jepsen node n0] maelstrom.process: launching /home/sahilsarwar/go/bin/maelstrom-echo []
2024-07-20 12:24:41,365{GMT}	INFO	[jepsen test runner] jepsen.core: Relative time begins now
2024-07-20 12:24:41,389{GMT}	INFO	[jepsen worker 0] jepsen.util: 0	:invoke	:echo	"Please echo 36"
2024-07-20 12:24:41,401{GMT}	INFO	[jepsen worker 0] jepsen.util: 0	:ok	:echo	{:echo "Please echo 36", :in_reply_to 1, :msg_id 1, :type "echo_ok"}
2024-07-20 12:24:41,680{GMT}	INFO	[jepsen worker 0] jepsen.util: 0	:invoke	:echo	"Please echo 120"
2024-07-20 12:24:41,683{GMT}	INFO	[jepsen worker 0] jepsen.util: 0	:ok	:echo	{:echo "Please echo 120", :in_reply_to 2, :msg_id 2, :type "echo_ok"}
2024-07-20 12:24:41,974{GMT}	INFO	[jepsen worker 0] jepsen.util: 0	:invoke	:echo	"Please echo 37"
2024-07-20 12:24:41,976{GMT}	INFO	[jepsen worker 0] jepsen.util: 0	:ok	:echo	{:echo "Please echo 37", :in_reply_to 3, :msg_id 3, :type "echo_ok"}
2024-07-20 12:24:41,999{GMT}	INFO	[jepsen worker 0] jepsen.util: 0	:invoke	:echo	"Please echo 31"
2024-07-20 12:24:42,001{GMT}	INFO	[jepsen worker 0] jepsen.util: 0	:ok	:echo	{:echo "Please echo 31", :in_reply_to 4, :msg_id 4, :type "echo_ok"}
2024-07-20 12:24:42,151{GMT}	INFO	[jepsen worker 0] jepsen.util: 0	:invoke	:echo	"Please echo 14"
2024-07-20 12:24:42,154{GMT}	INFO	[jepsen worker 0] jepsen.util: 0	:ok	:echo	{:echo "Please echo 14", :in_reply_to 5, :msg_id 5, :type "echo_ok"}
2024-07-20 12:24:42,512{GMT}	INFO	[jepsen worker 0] jepsen.util: 0	:invoke	:echo	"Please echo 42"
2024-07-20 12:24:42,515{GMT}	INFO	[jepsen worker 0] jepsen.util: 0	:ok	:echo	{:echo "Please echo 42", :in_reply_to 6, :msg_id 6, :type "echo_ok"}
2024-07-20 12:24:42,531{GMT}	INFO	[jepsen worker 0] jepsen.util: 0	:invoke	:echo	"Please echo 39"
2024-07-20 12:24:42,534{GMT}	INFO	[jepsen worker 0] jepsen.util: 0	:ok	:echo	{:echo "Please echo 39", :in_reply_to 7, :msg_id 7, :type "echo_ok"}
2024-07-20 12:24:42,930{GMT}	INFO	[jepsen worker 0] jepsen.util: 0	:invoke	:echo	"Please echo 102"
2024-07-20 12:24:42,934{GMT}	INFO	[jepsen worker 0] jepsen.util: 0	:ok	:echo	{:echo "Please echo 102", :in_reply_to 8, :msg_id 8, :type "echo_ok"}
2024-07-20 12:24:43,227{GMT}	INFO	[jepsen worker 0] jepsen.util: 0	:invoke	:echo	"Please echo 107"
2024-07-20 12:24:43,230{GMT}	INFO	[jepsen worker 0] jepsen.util: 0	:ok	:echo	{:echo "Please echo 107", :in_reply_to 9, :msg_id 9, :type "echo_ok"}
2024-07-20 12:24:43,533{GMT}	INFO	[jepsen worker 0] jepsen.util: 0	:invoke	:echo	"Please echo 117"
2024-07-20 12:24:43,536{GMT}	INFO	[jepsen worker 0] jepsen.util: 0	:ok	:echo	{:echo "Please echo 117", :in_reply_to 10, :msg_id 10, :type "echo_ok"}
2024-07-20 12:24:43,723{GMT}	INFO	[jepsen worker 0] jepsen.util: 0	:invoke	:echo	"Please echo 26"
2024-07-20 12:24:43,725{GMT}	INFO	[jepsen worker 0] jepsen.util: 0	:ok	:echo	{:echo "Please echo 26", :in_reply_to 11, :msg_id 11, :type "echo_ok"}
2024-07-20 12:24:44,008{GMT}	INFO	[jepsen worker 0] jepsen.util: 0	:invoke	:echo	"Please echo 49"
2024-07-20 12:24:44,011{GMT}	INFO	[jepsen worker 0] jepsen.util: 0	:ok	:echo	{:echo "Please echo 49", :in_reply_to 12, :msg_id 12, :type "echo_ok"}
2024-07-20 12:24:44,361{GMT}	INFO	[jepsen worker 0] jepsen.util: 0	:invoke	:echo	"Please echo 68"
2024-07-20 12:24:44,364{GMT}	INFO	[jepsen worker 0] jepsen.util: 0	:ok	:echo	{:echo "Please echo 68", :in_reply_to 13, :msg_id 13, :type "echo_ok"}
2024-07-20 12:24:44,751{GMT}	INFO	[jepsen worker 0] jepsen.util: 0	:invoke	:echo	"Please echo 61"
2024-07-20 12:24:44,754{GMT}	INFO	[jepsen worker 0] jepsen.util: 0	:ok	:echo	{:echo "Please echo 61", :in_reply_to 14, :msg_id 14, :type "echo_ok"}
2024-07-20 12:24:44,831{GMT}	INFO	[jepsen worker 0] jepsen.util: 0	:invoke	:echo	"Please echo 23"
2024-07-20 12:24:44,834{GMT}	INFO	[jepsen worker 0] jepsen.util: 0	:ok	:echo	{:echo "Please echo 23", :in_reply_to 15, :msg_id 15, :type "echo_ok"}
2024-07-20 12:24:44,949{GMT}	INFO	[jepsen worker 0] jepsen.util: 0	:invoke	:echo	"Please echo 21"
2024-07-20 12:24:44,952{GMT}	INFO	[jepsen worker 0] jepsen.util: 0	:ok	:echo	{:echo "Please echo 21", :in_reply_to 16, :msg_id 16, :type "echo_ok"}
2024-07-20 12:24:45,111{GMT}	INFO	[jepsen worker 0] jepsen.util: 0	:invoke	:echo	"Please echo 102"
2024-07-20 12:24:45,113{GMT}	INFO	[jepsen worker 0] jepsen.util: 0	:ok	:echo	{:echo "Please echo 102", :in_reply_to 17, :msg_id 17, :type "echo_ok"}
2024-07-20 12:24:45,156{GMT}	INFO	[jepsen worker 0] jepsen.util: 0	:invoke	:echo	"Please echo 42"
2024-07-20 12:24:45,159{GMT}	INFO	[jepsen worker 0] jepsen.util: 0	:ok	:echo	{:echo "Please echo 42", :in_reply_to 18, :msg_id 18, :type "echo_ok"}
2024-07-20 12:24:45,196{GMT}	INFO	[jepsen worker 0] jepsen.util: 0	:invoke	:echo	"Please echo 68"
2024-07-20 12:24:45,198{GMT}	INFO	[jepsen worker 0] jepsen.util: 0	:ok	:echo	{:echo "Please echo 68", :in_reply_to 19, :msg_id 19, :type "echo_ok"}
2024-07-20 12:24:45,426{GMT}	INFO	[jepsen worker 0] jepsen.util: 0	:invoke	:echo	"Please echo 51"
2024-07-20 12:24:45,429{GMT}	INFO	[jepsen worker 0] jepsen.util: 0	:ok	:echo	{:echo "Please echo 51", :in_reply_to 20, :msg_id 20, :type "echo_ok"}
2024-07-20 12:24:45,788{GMT}	INFO	[jepsen worker 0] jepsen.util: 0	:invoke	:echo	"Please echo 1"
2024-07-20 12:24:45,791{GMT}	INFO	[jepsen worker 0] jepsen.util: 0	:ok	:echo	{:echo "Please echo 1", :in_reply_to 21, :msg_id 21, :type "echo_ok"}
2024-07-20 12:24:46,085{GMT}	INFO	[jepsen worker 0] jepsen.util: 0	:invoke	:echo	"Please echo 93"
2024-07-20 12:24:46,088{GMT}	INFO	[jepsen worker 0] jepsen.util: 0	:ok	:echo	{:echo "Please echo 93", :in_reply_to 22, :msg_id 22, :type "echo_ok"}
2024-07-20 12:24:46,423{GMT}	INFO	[jepsen worker 0] jepsen.util: 0	:invoke	:echo	"Please echo 18"
2024-07-20 12:24:46,426{GMT}	INFO	[jepsen worker 0] jepsen.util: 0	:ok	:echo	{:echo "Please echo 18", :in_reply_to 23, :msg_id 23, :type "echo_ok"}
2024-07-20 12:24:46,725{GMT}	INFO	[jepsen worker 0] jepsen.util: 0	:invoke	:echo	"Please echo 13"
2024-07-20 12:24:46,728{GMT}	INFO	[jepsen worker 0] jepsen.util: 0	:ok	:echo	{:echo "Please echo 13", :in_reply_to 24, :msg_id 24, :type "echo_ok"}
2024-07-20 12:24:47,015{GMT}	INFO	[jepsen worker 0] jepsen.util: 0	:invoke	:echo	"Please echo 81"
2024-07-20 12:24:47,017{GMT}	INFO	[jepsen worker 0] jepsen.util: 0	:ok	:echo	{:echo "Please echo 81", :in_reply_to 25, :msg_id 25, :type "echo_ok"}
2024-07-20 12:24:47,108{GMT}	INFO	[jepsen worker 0] jepsen.util: 0	:invoke	:echo	"Please echo 46"
2024-07-20 12:24:47,111{GMT}	INFO	[jepsen worker 0] jepsen.util: 0	:ok	:echo	{:echo "Please echo 46", :in_reply_to 26, :msg_id 26, :type "echo_ok"}
2024-07-20 12:24:47,278{GMT}	INFO	[jepsen worker 0] jepsen.util: 0	:invoke	:echo	"Please echo 113"
2024-07-20 12:24:47,280{GMT}	INFO	[jepsen worker 0] jepsen.util: 0	:ok	:echo	{:echo "Please echo 113", :in_reply_to 27, :msg_id 27, :type "echo_ok"}
2024-07-20 12:24:47,636{GMT}	INFO	[jepsen worker 0] jepsen.util: 0	:invoke	:echo	"Please echo 114"
2024-07-20 12:24:47,638{GMT}	INFO	[jepsen worker 0] jepsen.util: 0	:ok	:echo	{:echo "Please echo 114", :in_reply_to 28, :msg_id 28, :type "echo_ok"}
2024-07-20 12:24:47,893{GMT}	INFO	[jepsen worker 0] jepsen.util: 0	:invoke	:echo	"Please echo 84"
2024-07-20 12:24:47,895{GMT}	INFO	[jepsen worker 0] jepsen.util: 0	:ok	:echo	{:echo "Please echo 84", :in_reply_to 29, :msg_id 29, :type "echo_ok"}
2024-07-20 12:24:47,941{GMT}	INFO	[jepsen worker 0] jepsen.util: 0	:invoke	:echo	"Please echo 22"
2024-07-20 12:24:47,944{GMT}	INFO	[jepsen worker 0] jepsen.util: 0	:ok	:echo	{:echo "Please echo 22", :in_reply_to 30, :msg_id 30, :type "echo_ok"}
2024-07-20 12:24:48,255{GMT}	INFO	[jepsen worker 0] jepsen.util: 0	:invoke	:echo	"Please echo 46"
2024-07-20 12:24:48,257{GMT}	INFO	[jepsen worker 0] jepsen.util: 0	:ok	:echo	{:echo "Please echo 46", :in_reply_to 31, :msg_id 31, :type "echo_ok"}
2024-07-20 12:24:48,281{GMT}	INFO	[jepsen worker 0] jepsen.util: 0	:invoke	:echo	"Please echo 81"
2024-07-20 12:24:48,283{GMT}	INFO	[jepsen worker 0] jepsen.util: 0	:ok	:echo	{:echo "Please echo 81", :in_reply_to 32, :msg_id 32, :type "echo_ok"}
2024-07-20 12:24:48,471{GMT}	INFO	[jepsen worker 0] jepsen.util: 0	:invoke	:echo	"Please echo 37"
2024-07-20 12:24:48,473{GMT}	INFO	[jepsen worker 0] jepsen.util: 0	:ok	:echo	{:echo "Please echo 37", :in_reply_to 33, :msg_id 33, :type "echo_ok"}
2024-07-20 12:24:48,799{GMT}	INFO	[jepsen worker 0] jepsen.util: 0	:invoke	:echo	"Please echo 79"
2024-07-20 12:24:48,802{GMT}	INFO	[jepsen worker 0] jepsen.util: 0	:ok	:echo	{:echo "Please echo 79", :in_reply_to 34, :msg_id 34, :type "echo_ok"}
2024-07-20 12:24:49,033{GMT}	INFO	[jepsen worker 0] jepsen.util: 0	:invoke	:echo	"Please echo 126"
2024-07-20 12:24:49,036{GMT}	INFO	[jepsen worker 0] jepsen.util: 0	:ok	:echo	{:echo "Please echo 126", :in_reply_to 35, :msg_id 35, :type "echo_ok"}
2024-07-20 12:24:49,120{GMT}	INFO	[jepsen worker 0] jepsen.util: 0	:invoke	:echo	"Please echo 111"
2024-07-20 12:24:49,123{GMT}	INFO	[jepsen worker 0] jepsen.util: 0	:ok	:echo	{:echo "Please echo 111", :in_reply_to 36, :msg_id 36, :type "echo_ok"}
2024-07-20 12:24:49,338{GMT}	INFO	[jepsen worker 0] jepsen.util: 0	:invoke	:echo	"Please echo 56"
2024-07-20 12:24:49,341{GMT}	INFO	[jepsen worker 0] jepsen.util: 0	:ok	:echo	{:echo "Please echo 56", :in_reply_to 37, :msg_id 37, :type "echo_ok"}
2024-07-20 12:24:49,723{GMT}	INFO	[jepsen worker 0] jepsen.util: 0	:invoke	:echo	"Please echo 1"
2024-07-20 12:24:49,725{GMT}	INFO	[jepsen worker 0] jepsen.util: 0	:ok	:echo	{:echo "Please echo 1", :in_reply_to 38, :msg_id 38, :type "echo_ok"}
2024-07-20 12:24:49,844{GMT}	INFO	[jepsen worker 0] jepsen.util: 0	:invoke	:echo	"Please echo 22"
2024-07-20 12:24:49,846{GMT}	INFO	[jepsen worker 0] jepsen.util: 0	:ok	:echo	{:echo "Please echo 22", :in_reply_to 39, :msg_id 39, :type "echo_ok"}
2024-07-20 12:24:49,864{GMT}	INFO	[jepsen worker 0] jepsen.util: 0	:invoke	:echo	"Please echo 5"
2024-07-20 12:24:49,866{GMT}	INFO	[jepsen worker 0] jepsen.util: 0	:ok	:echo	{:echo "Please echo 5", :in_reply_to 40, :msg_id 40, :type "echo_ok"}
2024-07-20 12:24:50,069{GMT}	INFO	[jepsen worker 0] jepsen.util: 0	:invoke	:echo	"Please echo 67"
2024-07-20 12:24:50,071{GMT}	INFO	[jepsen worker 0] jepsen.util: 0	:ok	:echo	{:echo "Please echo 67", :in_reply_to 41, :msg_id 41, :type "echo_ok"}
2024-07-20 12:24:50,342{GMT}	INFO	[jepsen worker 0] jepsen.util: 0	:invoke	:echo	"Please echo 63"
2024-07-20 12:24:50,345{GMT}	INFO	[jepsen worker 0] jepsen.util: 0	:ok	:echo	{:echo "Please echo 63", :in_reply_to 42, :msg_id 42, :type "echo_ok"}
2024-07-20 12:24:50,396{GMT}	INFO	[jepsen worker 0] jepsen.util: 0	:invoke	:echo	"Please echo 51"
2024-07-20 12:24:50,399{GMT}	INFO	[jepsen worker 0] jepsen.util: 0	:ok	:echo	{:echo "Please echo 51", :in_reply_to 43, :msg_id 43, :type "echo_ok"}
2024-07-20 12:24:50,560{GMT}	INFO	[jepsen worker 0] jepsen.util: 0	:invoke	:echo	"Please echo 7"
2024-07-20 12:24:50,562{GMT}	INFO	[jepsen worker 0] jepsen.util: 0	:ok	:echo	{:echo "Please echo 7", :in_reply_to 44, :msg_id 44, :type "echo_ok"}
2024-07-20 12:24:50,596{GMT}	INFO	[jepsen worker 0] jepsen.util: 0	:invoke	:echo	"Please echo 103"
2024-07-20 12:24:50,599{GMT}	INFO	[jepsen worker 0] jepsen.util: 0	:ok	:echo	{:echo "Please echo 103", :in_reply_to 45, :msg_id 45, :type "echo_ok"}
2024-07-20 12:24:50,832{GMT}	INFO	[jepsen worker 0] jepsen.util: 0	:invoke	:echo	"Please echo 5"
2024-07-20 12:24:50,834{GMT}	INFO	[jepsen worker 0] jepsen.util: 0	:ok	:echo	{:echo "Please echo 5", :in_reply_to 46, :msg_id 46, :type "echo_ok"}
2024-07-20 12:24:51,030{GMT}	INFO	[jepsen worker 0] jepsen.util: 0	:invoke	:echo	"Please echo 27"
2024-07-20 12:24:51,032{GMT}	INFO	[jepsen worker 0] jepsen.util: 0	:ok	:echo	{:echo "Please echo 27", :in_reply_to 47, :msg_id 47, :type "echo_ok"}
2024-07-20 12:24:51,047{GMT}	INFO	[jepsen worker 0] jepsen.util: 0	:invoke	:echo	"Please echo 80"
2024-07-20 12:24:51,050{GMT}	INFO	[jepsen worker 0] jepsen.util: 0	:ok	:echo	{:echo "Please echo 80", :in_reply_to 48, :msg_id 48, :type "echo_ok"}
2024-07-20 12:24:51,251{GMT}	INFO	[jepsen worker 0] jepsen.util: 0	:invoke	:echo	"Please echo 24"
2024-07-20 12:24:51,254{GMT}	INFO	[jepsen worker 0] jepsen.util: 0	:ok	:echo	{:echo "Please echo 24", :in_reply_to 49, :msg_id 49, :type "echo_ok"}
2024-07-20 12:24:51,370{GMT}	INFO	[jepsen worker 0] jepsen.util: 0	:invoke	:echo	"Please echo 25"
2024-07-20 12:24:51,373{GMT}	INFO	[jepsen worker 0] jepsen.util: 0	:ok	:echo	{:echo "Please echo 25", :in_reply_to 50, :msg_id 50, :type "echo_ok"}
2024-07-20 12:24:51,394{GMT}	INFO	[jepsen test runner] jepsen.core: Run complete, writing
2024-07-20 12:24:51,467{GMT}	INFO	[jepsen node n0] maelstrom.db: Tearing down n0
2024-07-20 12:24:53,327{GMT}	INFO	[jepsen node n0] maelstrom.net: Shutting down Maelstrom network
2024-07-20 12:24:53,328{GMT}	INFO	[jepsen test runner] jepsen.core: Analyzing...
2024-07-20 12:24:53,637{GMT}	INFO	[jepsen test runner] jepsen.core: Analysis complete
2024-07-20 12:24:53,651{GMT}	INFO	[jepsen results] jepsen.store: Wrote /home/sahilsarwar/Desktop/open-source/dev-challenge/maelstrom-echo/store/echo/20240720T122437.440+0530/results.edn
2024-07-20 12:24:53,668{GMT}	INFO	[jepsen test runner] jepsen.core: {:perf {:latency-graph {:valid? true},
        :rate-graph {:valid? true},
        :valid? true},
 :timeline {:valid? true},
 :exceptions {:valid? true},
 :stats {:valid? true,
         :count 50,
         :ok-count 50,
         :fail-count 0,
         :info-count 0,
         :by-f {:echo {:valid? true,
                       :count 50,
                       :ok-count 50,
                       :fail-count 0,
                       :info-count 0}}},
 :availability {:valid? true, :ok-fraction 1.0},
 :net {:all {:send-count 102,
             :recv-count 102,
             :msg-count 102,
             :msgs-per-op 2.04},
       :clients {:send-count 102, :recv-count 102, :msg-count 102},
       :servers {:send-count 0,
                 :recv-count 0,
                 :msg-count 0,
                 :msgs-per-op 0.0},
       :valid? true},
 :workload {:valid? true, :errors ()},
 :valid? true}


Everything looks good! ヽ(‘ー`)ノ
